07:20:41.602 [main] INFO  AdmPages.LoginClass - Delete button is clicked
07:20:44.806 [main] INFO  AdmPages.LoginClass - Add widget is clicked
07:20:47.994 [main] INFO  AdmPages.LoginClass - Widget is selected for adding
07:20:51.121 [main] INFO  AdmPages.LoginClass - Widget is added
11:02:35.170 [main] INFO  AdmPages.LoginClass - Page title is Verify IDP
11:02:35.176 [main] INFO  AdmPages.LoginClass - Page Title is validated
11:02:35.399 [main] INFO  AdmPages.LoginClass - username is entered
11:02:35.548 [main] INFO  AdmPages.LoginClass - password is entered
11:02:58.566 [main] INFO  AdmPages.LoginClass - Sign In button is clicked
11:02:58.589 [main] INFO  AdmPages.LoginClass - Page title is Welcome to uat QA environment
11:02:58.590 [main] INFO  AdmPages.LoginClass - Page Title is validated
11:12:25.429 [main] INFO  AdmPages.LoginClass - Page title is Verify IDP
11:12:25.433 [main] INFO  AdmPages.LoginClass - Page Title is validated
11:12:25.677 [main] INFO  AdmPages.LoginClass - username is entered
11:12:25.773 [main] INFO  AdmPages.LoginClass - password is entered
11:12:47.997 [main] INFO  AdmPages.LoginClass - Sign In button is clicked
11:12:48.027 [main] INFO  AdmPages.LoginClass - Page title is Welcome to uat QA environment
11:12:48.027 [main] INFO  AdmPages.LoginClass - Page Title is validated
11:21:59.591 [main] INFO  AdmPages.LoginClass - Page title is Verify IDP
11:21:59.596 [main] INFO  AdmPages.LoginClass - Page Title is validated
11:21:59.832 [main] INFO  AdmPages.LoginClass - username is entered
11:21:59.937 [main] INFO  AdmPages.LoginClass - password is entered
11:22:17.812 [main] INFO  AdmPages.LoginClass - Sign In button is clicked
11:22:17.845 [main] INFO  AdmPages.LoginClass - Page title is Welcome to uat QA environment
11:22:17.845 [main] INFO  AdmPages.LoginClass - Page Title is validated
11:22:17.997 [main] INFO  AdmPages.LoginClass - Widget Delete icon is clicked
11:22:21.115 [main] INFO  AdmPages.LoginClass - Delete Confirmation pop up is showing up
11:22:21.215 [main] INFO  AdmPages.LoginClass - Delete button is clicked
11:22:24.314 [main] INFO  AdmPages.LoginClass - Widget Delete icon is clicked
11:22:27.391 [main] INFO  AdmPages.LoginClass - Delete Confirmation pop up is showing up
11:22:27.525 [main] INFO  AdmPages.LoginClass - Delete button is clicked
11:22:30.594 [main] INFO  AdmPages.LoginClass - Widget Delete icon is clicked
11:22:33.681 [main] INFO  AdmPages.LoginClass - Delete Confirmation pop up is showing up
11:22:33.786 [main] INFO  AdmPages.LoginClass - Delete button is clicked
11:22:36.881 [main] INFO  AdmPages.LoginClass - Widget Delete icon is clicked
11:22:39.951 [main] INFO  AdmPages.LoginClass - Delete Confirmation pop up is showing up
11:22:40.054 [main] INFO  AdmPages.LoginClass - Delete button is clicked
11:22:43.180 [main] INFO  AdmPages.LoginClass - Widget Delete icon is clicked
11:22:46.247 [main] INFO  AdmPages.LoginClass - Delete Confirmation pop up is showing up
11:22:46.338 [main] INFO  AdmPages.LoginClass - Delete button is clicked
11:22:49.445 [main] INFO  AdmPages.LoginClass - Widget Delete icon is clicked
11:22:52.540 [main] INFO  AdmPages.LoginClass - Delete Confirmation pop up is showing up
11:22:52.621 [main] INFO  AdmPages.LoginClass - Delete button is clicked
11:22:55.716 [main] INFO  AdmPages.LoginClass - Widget Delete icon is clicked
11:22:58.793 [main] INFO  AdmPages.LoginClass - Delete Confirmation pop up is showing up
11:22:58.901 [main] INFO  AdmPages.LoginClass - Delete button is clicked
11:23:01.965 [main] INFO  AdmPages.LoginClass - Widget Delete icon is clicked
11:23:05.033 [main] INFO  AdmPages.LoginClass - Delete Confirmation pop up is showing up
11:23:05.112 [main] INFO  AdmPages.LoginClass - Delete button is clicked
11:23:08.226 [main] INFO  AdmPages.LoginClass - Widget Delete icon is clicked
11:23:11.293 [main] INFO  AdmPages.LoginClass - Delete Confirmation pop up is showing up
11:23:11.378 [main] INFO  AdmPages.LoginClass - Delete button is clicked
11:23:14.474 [main] INFO  AdmPages.LoginClass - Widget Delete icon is clicked
11:23:17.539 [main] INFO  AdmPages.LoginClass - Delete Confirmation pop up is showing up
11:23:17.627 [main] INFO  AdmPages.LoginClass - Delete button is clicked
11:23:20.710 [main] INFO  AdmPages.LoginClass - Widget Delete icon is clicked
11:23:23.794 [main] INFO  AdmPages.LoginClass - Delete Confirmation pop up is showing up
11:23:23.929 [main] INFO  AdmPages.LoginClass - Delete button is clicked
11:23:27.027 [main] INFO  AdmPages.LoginClass - Widget Delete icon is clicked
11:23:30.102 [main] INFO  AdmPages.LoginClass - Delete Confirmation pop up is showing up
11:23:30.209 [main] INFO  AdmPages.LoginClass - Delete button is clicked
11:23:33.288 [main] INFO  AdmPages.LoginClass - Widget Delete icon is clicked
11:23:36.365 [main] INFO  AdmPages.LoginClass - Delete Confirmation pop up is showing up
11:23:36.448 [main] INFO  AdmPages.LoginClass - Delete button is clicked
11:23:39.543 [main] INFO  AdmPages.LoginClass - Widget Delete icon is clicked
11:23:42.612 [main] INFO  AdmPages.LoginClass - Delete Confirmation pop up is showing up
11:23:42.703 [main] INFO  AdmPages.LoginClass - Delete button is clicked
11:27:15.307 [main] INFO  AdmPages.LoginClass - Page title is Verify IDP
11:27:15.313 [main] INFO  AdmPages.LoginClass - Page Title is validated
11:27:15.538 [main] INFO  AdmPages.LoginClass - username is entered
11:27:15.655 [main] INFO  AdmPages.LoginClass - password is entered
11:28:35.855 [main] INFO  AdmPages.LoginClass - Sign In button is clicked
11:28:35.878 [main] INFO  AdmPages.LoginClass - Page title is Welcome to uat QA environment
11:28:35.878 [main] INFO  AdmPages.LoginClass - Page Title is validated
11:30:40.093 [main] INFO  AdmPages.LoginClass - Page title is Verify IDP
11:30:40.098 [main] INFO  AdmPages.LoginClass - Page Title is validated
11:30:40.317 [main] INFO  AdmPages.LoginClass - username is entered
11:30:40.422 [main] INFO  AdmPages.LoginClass - password is entered
11:31:04.094 [main] INFO  AdmPages.LoginClass - Sign In button is clicked
11:31:04.117 [main] INFO  AdmPages.LoginClass - Page title is Welcome to uat QA environment
11:31:04.117 [main] INFO  AdmPages.LoginClass - Page Title is validated
11:31:04.211 [main] INFO  AdmPages.LoginClass - Add widget is clicked
11:31:07.353 [main] INFO  AdmPages.LoginClass - Widget is selected for adding
11:31:10.498 [main] INFO  AdmPages.LoginClass - Widget is added
11:31:10.609 [main] INFO  AdmPages.LoginClass - Expand icon is clicked
11:31:13.609 [main] INFO  AdmPages.LoginClass - Widget is expended
11:31:13.696 [main] INFO  AdmPages.LoginClass - Collapse icon is clicked
11:31:16.697 [main] INFO  AdmPages.LoginClass - Widget is Collapsed
11:31:16.855 [main] INFO  AdmPages.LoginClass - Widget Delete icon is clicked
11:31:19.976 [main] INFO  AdmPages.LoginClass - Delete Confirmation pop up is showing up
11:31:20.082 [main] INFO  AdmPages.LoginClass - Delete button is clicked
11:48:16.941 [main] INFO  AdmPages.LoginClass - Page title is Verify IDP
11:48:16.946 [main] INFO  AdmPages.LoginClass - Page Title is validated
11:48:17.180 [main] INFO  AdmPages.LoginClass - username is entered
11:48:17.322 [main] INFO  AdmPages.LoginClass - password is entered
11:48:39.890 [main] INFO  AdmPages.LoginClass - Sign In button is clicked
11:48:39.934 [main] INFO  AdmPages.LoginClass - Page title is Welcome to uat QA environment
11:48:39.934 [main] INFO  AdmPages.LoginClass - Page Title is validated
11:48:45.300 [main] INFO  AdmPages.LoginClass - Add widget is clicked
11:48:48.459 [main] INFO  AdmPages.LoginClass - Widget is selected for adding
11:48:51.593 [main] INFO  AdmPages.LoginClass - Widget is added
11:48:51.789 [main] INFO  AdmPages.LoginClass - Expand icon is clicked
11:48:54.789 [main] INFO  AdmPages.LoginClass - Widget is expended
11:48:55.071 [main] INFO  AdmPages.LoginClass - Collapse icon is clicked
11:48:58.072 [main] INFO  AdmPages.LoginClass - Widget is Collapsed
11:48:58.344 [main] INFO  AdmPages.LoginClass - Widget Delete icon is clicked
11:49:01.481 [main] INFO  AdmPages.LoginClass - Delete Confirmation pop up is showing up
11:49:01.581 [main] INFO  AdmPages.LoginClass - Delete button is clicked
11:49:04.697 [main] INFO  AdmPages.LoginClass - Widget Delete icon is clicked
11:49:07.795 [main] INFO  AdmPages.LoginClass - Delete Confirmation pop up is showing up
11:49:08.051 [main] INFO  AdmPages.LoginClass - Delete button is clicked
11:49:11.212 [main] INFO  AdmPages.LoginClass - Widget Delete icon is clicked
11:49:14.303 [main] INFO  AdmPages.LoginClass - Delete Confirmation pop up is showing up
11:49:14.443 [main] INFO  AdmPages.LoginClass - Delete button is clicked
11:49:17.608 [main] INFO  AdmPages.LoginClass - Widget Delete icon is clicked
11:49:20.710 [main] INFO  AdmPages.LoginClass - Delete Confirmation pop up is showing up
11:49:20.958 [main] INFO  AdmPages.LoginClass - Delete button is clicked
11:49:24.116 [main] INFO  AdmPages.LoginClass - Widget Delete icon is clicked
11:49:27.204 [main] INFO  AdmPages.LoginClass - Delete Confirmation pop up is showing up
11:49:27.308 [main] INFO  AdmPages.LoginClass - Delete button is clicked
11:49:30.477 [main] INFO  AdmPages.LoginClass - Widget Delete icon is clicked
11:49:33.550 [main] INFO  AdmPages.LoginClass - Delete Confirmation pop up is showing up
11:49:33.692 [main] INFO  AdmPages.LoginClass - Delete button is clicked
11:49:36.845 [main] INFO  AdmPages.LoginClass - Widget Delete icon is clicked
11:49:39.944 [main] INFO  AdmPages.LoginClass - Delete Confirmation pop up is showing up
11:49:40.084 [main] INFO  AdmPages.LoginClass - Delete button is clicked
11:49:43.250 [main] INFO  AdmPages.LoginClass - Widget Delete icon is clicked
11:49:46.352 [main] INFO  AdmPages.LoginClass - Delete Confirmation pop up is showing up
11:49:46.549 [main] INFO  AdmPages.LoginClass - Delete button is clicked
11:49:49.697 [main] INFO  AdmPages.LoginClass - Widget Delete icon is clicked
11:49:52.790 [main] INFO  AdmPages.LoginClass - Delete Confirmation pop up is showing up
11:49:53.000 [main] INFO  AdmPages.LoginClass - Delete button is clicked
11:49:56.162 [main] INFO  AdmPages.LoginClass - Widget Delete icon is clicked
11:49:59.268 [main] INFO  AdmPages.LoginClass - Delete Confirmation pop up is showing up
11:49:59.470 [main] INFO  AdmPages.LoginClass - Delete button is clicked
11:50:02.620 [main] INFO  AdmPages.LoginClass - Widget Delete icon is clicked
11:50:05.740 [main] INFO  AdmPages.LoginClass - Delete Confirmation pop up is showing up
11:50:05.827 [main] INFO  AdmPages.LoginClass - Delete button is clicked
11:50:08.975 [main] INFO  AdmPages.LoginClass - Widget Delete icon is clicked
11:50:12.064 [main] INFO  AdmPages.LoginClass - Delete Confirmation pop up is showing up
11:50:12.279 [main] INFO  AdmPages.LoginClass - Delete button is clicked
11:50:15.431 [main] INFO  AdmPages.LoginClass - Widget Delete icon is clicked
11:50:18.521 [main] INFO  AdmPages.LoginClass - Delete Confirmation pop up is showing up
11:50:18.768 [main] INFO  AdmPages.LoginClass - Delete button is clicked
11:50:21.912 [main] INFO  AdmPages.LoginClass - Widget Delete icon is clicked
11:50:25.002 [main] INFO  AdmPages.LoginClass - Delete Confirmation pop up is showing up
11:50:25.184 [main] INFO  AdmPages.LoginClass - Delete button is clicked
11:50:28.335 [main] INFO  AdmPages.LoginClass - Widget Delete icon is clicked
11:50:31.423 [main] INFO  AdmPages.LoginClass - Delete Confirmation pop up is showing up
11:50:31.616 [main] INFO  AdmPages.LoginClass - Delete button is clicked
11:52:37.667 [main] INFO  AdmPages.LoginClass - Page title is Verify IDP
11:52:37.683 [main] INFO  AdmPages.LoginClass - Page Title is validated
11:52:38.010 [main] INFO  AdmPages.LoginClass - username is entered
11:52:38.148 [main] INFO  AdmPages.LoginClass - password is entered
11:53:03.242 [main] INFO  AdmPages.LoginClass - Sign In button is clicked
11:53:03.282 [main] INFO  AdmPages.LoginClass - Page title is Welcome to uat QA environment
11:53:03.282 [main] INFO  AdmPages.LoginClass - Page Title is validated
11:53:08.541 [main] INFO  AdmPages.LoginClass - Add widget is clicked
11:53:11.715 [main] INFO  AdmPages.LoginClass - Widget is selected for adding
11:53:14.856 [main] INFO  AdmPages.LoginClass - Widget is added
11:53:15.022 [main] INFO  AdmPages.LoginClass - Expand icon is clicked
11:53:18.023 [main] INFO  AdmPages.LoginClass - Widget is expended
11:53:18.158 [main] INFO  AdmPages.LoginClass - Collapse icon is clicked
11:53:21.158 [main] INFO  AdmPages.LoginClass - Widget is Collapsed
11:53:21.372 [main] INFO  AdmPages.LoginClass - Widget Delete icon is clicked
11:53:24.505 [main] INFO  AdmPages.LoginClass - Delete Confirmation pop up is showing up
11:53:24.596 [main] INFO  AdmPages.LoginClass - Delete button is clicked
11:53:27.745 [main] INFO  AdmPages.LoginClass - Widget Delete icon is clicked
11:53:30.819 [main] INFO  AdmPages.LoginClass - Delete Confirmation pop up is showing up
11:53:30.939 [main] INFO  AdmPages.LoginClass - Delete button is clicked
11:53:34.127 [main] INFO  AdmPages.LoginClass - Widget Delete icon is clicked
11:53:37.206 [main] INFO  AdmPages.LoginClass - Delete Confirmation pop up is showing up
11:53:37.307 [main] INFO  AdmPages.LoginClass - Delete button is clicked
11:53:40.405 [main] INFO  AdmPages.LoginClass - Widget Delete icon is clicked
11:53:43.477 [main] INFO  AdmPages.LoginClass - Delete Confirmation pop up is showing up
11:53:43.586 [main] INFO  AdmPages.LoginClass - Delete button is clicked
11:53:46.738 [main] INFO  AdmPages.LoginClass - Widget Delete icon is clicked
11:53:49.808 [main] INFO  AdmPages.LoginClass - Delete Confirmation pop up is showing up
11:53:49.921 [main] INFO  AdmPages.LoginClass - Delete button is clicked
11:53:53.042 [main] INFO  AdmPages.LoginClass - Widget Delete icon is clicked
11:53:56.121 [main] INFO  AdmPages.LoginClass - Delete Confirmation pop up is showing up
11:53:56.233 [main] INFO  AdmPages.LoginClass - Delete button is clicked
11:53:59.339 [main] INFO  AdmPages.LoginClass - Widget Delete icon is clicked
11:54:02.433 [main] INFO  AdmPages.LoginClass - Delete Confirmation pop up is showing up
11:54:02.550 [main] INFO  AdmPages.LoginClass - Delete button is clicked
11:54:05.670 [main] INFO  AdmPages.LoginClass - Widget Delete icon is clicked
11:54:08.740 [main] INFO  AdmPages.LoginClass - Delete Confirmation pop up is showing up
11:54:08.838 [main] INFO  AdmPages.LoginClass - Delete button is clicked
11:54:11.925 [main] INFO  AdmPages.LoginClass - Widget Delete icon is clicked
11:54:14.974 [main] INFO  AdmPages.LoginClass - Delete Confirmation pop up is showing up
11:54:15.078 [main] INFO  AdmPages.LoginClass - Delete button is clicked
11:54:18.184 [main] INFO  AdmPages.LoginClass - Widget Delete icon is clicked
11:54:21.267 [main] INFO  AdmPages.LoginClass - Delete Confirmation pop up is showing up
11:54:21.393 [main] INFO  AdmPages.LoginClass - Delete button is clicked
11:54:24.550 [main] INFO  AdmPages.LoginClass - Widget Delete icon is clicked
11:54:27.629 [main] INFO  AdmPages.LoginClass - Delete Confirmation pop up is showing up
11:54:27.761 [main] INFO  AdmPages.LoginClass - Delete button is clicked
11:54:30.854 [main] INFO  AdmPages.LoginClass - Widget Delete icon is clicked
11:54:33.946 [main] INFO  AdmPages.LoginClass - Delete Confirmation pop up is showing up
11:54:34.071 [main] INFO  AdmPages.LoginClass - Delete button is clicked
11:54:37.166 [main] INFO  AdmPages.LoginClass - Widget Delete icon is clicked
11:54:40.246 [main] INFO  AdmPages.LoginClass - Delete Confirmation pop up is showing up
11:54:40.395 [main] INFO  AdmPages.LoginClass - Delete button is clicked
11:54:43.502 [main] INFO  AdmPages.LoginClass - Widget Delete icon is clicked
11:54:46.611 [main] INFO  AdmPages.LoginClass - Delete Confirmation pop up is showing up
11:54:46.713 [main] INFO  AdmPages.LoginClass - Delete button is clicked
11:54:49.815 [main] INFO  AdmPages.LoginClass - Widget Delete icon is clicked
11:54:52.854 [main] INFO  AdmPages.LoginClass - Delete Confirmation pop up is showing up
11:54:52.953 [main] INFO  AdmPages.LoginClass - Delete button is clicked
11:59:17.252 [main] INFO  AdmPages.LoginClass - Page title is Verify IDP
11:59:17.260 [main] INFO  AdmPages.LoginClass - Page Title is validated
11:59:17.580 [main] INFO  AdmPages.LoginClass - username is entered
11:59:17.753 [main] INFO  AdmPages.LoginClass - password is entered
11:59:38.800 [main] INFO  AdmPages.LoginClass - Sign In button is clicked
11:59:38.826 [main] INFO  AdmPages.LoginClass - Page title is Welcome to uat QA environment
11:59:38.827 [main] INFO  AdmPages.LoginClass - Page Title is validated
11:59:44.052 [main] INFO  AdmPages.LoginClass - Add widget is clicked
11:59:47.140 [main] INFO  AdmPages.LoginClass - Widget is selected for adding
11:59:50.261 [main] INFO  AdmPages.LoginClass - Widget is added
11:59:50.350 [main] INFO  AdmPages.LoginClass - Expand icon is clicked
11:59:53.351 [main] INFO  AdmPages.LoginClass - Widget is expended
11:59:53.452 [main] INFO  AdmPages.LoginClass - Collapse icon is clicked
11:59:56.452 [main] INFO  AdmPages.LoginClass - Widget is Collapsed
11:59:56.592 [main] INFO  AdmPages.LoginClass - Widget Delete icon is clicked
11:59:59.867 [main] INFO  AdmPages.LoginClass - Delete Confirmation pop up is showing up
12:00:00.312 [main] INFO  AdmPages.LoginClass - Delete button is clicked
12:40:02.102 [main] INFO  AdmPages.LoginClass - Page title is Verify IDP
12:40:02.109 [main] INFO  AdmPages.LoginClass - Page Title is validated
12:40:02.374 [main] INFO  AdmPages.LoginClass - username is entered
12:40:02.517 [main] INFO  AdmPages.LoginClass - password is entered
12:40:22.598 [main] INFO  AdmPages.LoginClass - Sign In button is clicked
12:40:22.671 [main] INFO  AdmPages.DashboardClass - Page title is Welcome to uat QA environment
12:40:22.671 [main] INFO  AdmPages.DashboardClass - Page Title is validated
12:40:28.130 [main] INFO  AdmPages.DashboardClass - Add widget is clicked
12:40:31.387 [main] INFO  AdmPages.DashboardClass - Widget is selected for adding
12:40:34.591 [main] INFO  AdmPages.DashboardClass - Widget is added
12:40:34.792 [main] INFO  AdmPages.DashboardClass - Expand icon is clicked
12:40:37.793 [main] INFO  AdmPages.DashboardClass - Widget is expended
12:40:37.960 [main] INFO  AdmPages.DashboardClass - Collapse icon is clicked
12:40:40.963 [main] INFO  AdmPages.DashboardClass - Widget is Collapsed
12:40:41.212 [main] INFO  AdmPages.DashboardClass - Widget Delete icon is clicked
12:40:44.334 [main] INFO  AdmPages.DashboardClass - Delete Confirmation pop up is showing up
12:40:44.415 [main] INFO  AdmPages.DashboardClass - Delete button is clicked
12:40:52.826 [main] INFO  AdmPages.ProspectViewRecords - Page title is People Search
12:40:52.826 [main] INFO  AdmPages.ProspectViewRecords - Page Title is validated
12:41:01.362 [main] INFO  AdmPages.ProspectViewRecords - Showing result is showing up
12:41:55.799 [main] INFO  AdmPages.LoginClass - Page title is Verify IDP
12:41:55.804 [main] INFO  AdmPages.LoginClass - Page Title is validated
12:41:56.034 [main] INFO  AdmPages.LoginClass - username is entered
12:41:56.174 [main] INFO  AdmPages.LoginClass - password is entered
12:42:17.249 [main] INFO  AdmPages.LoginClass - Sign In button is clicked
12:42:17.285 [main] INFO  AdmPages.DashboardClass - Page title is Welcome to uat QA environment
12:42:17.285 [main] INFO  AdmPages.DashboardClass - Page Title is validated
12:42:22.676 [main] INFO  AdmPages.DashboardClass - Add widget is clicked
12:42:25.931 [main] INFO  AdmPages.DashboardClass - Widget is selected for adding
12:42:29.232 [main] INFO  AdmPages.DashboardClass - Widget is added
12:42:29.453 [main] INFO  AdmPages.DashboardClass - Expand icon is clicked
12:42:32.456 [main] INFO  AdmPages.DashboardClass - Widget is expended
12:42:32.624 [main] INFO  AdmPages.DashboardClass - Collapse icon is clicked
12:42:35.628 [main] INFO  AdmPages.DashboardClass - Widget is Collapsed
12:42:35.740 [main] INFO  AdmPages.DashboardClass - Widget Delete icon is clicked
12:42:38.869 [main] INFO  AdmPages.DashboardClass - Delete Confirmation pop up is showing up
12:42:38.949 [main] INFO  AdmPages.DashboardClass - Delete button is clicked
12:42:47.381 [main] INFO  AdmPages.ProspectViewRecords - Page title is People Search
12:42:47.381 [main] INFO  AdmPages.ProspectViewRecords - Page Title is validated
12:42:55.897 [main] INFO  AdmPages.ProspectViewRecords - Showing result is showing up
09:49:46.387 [main] INFO  AdmPages.LoginClass - Page title is Verify IDP
09:49:46.413 [main] INFO  AdmPages.LoginClass - Page Title is validated
09:49:46.980 [main] INFO  AdmPages.LoginClass - username is entered
09:49:47.261 [main] INFO  AdmPages.LoginClass - password is entered
09:49:49.802 [main] INFO  AdmPages.LoginClass - Sign In button is clicked
09:49:49.990 [main] INFO  AdmPages.DashboardClass - Page title is Verify IDP
09:59:01.275 [main] INFO  AdmPages.LoginClass - Page title is Verify IDP
09:59:01.282 [main] INFO  AdmPages.LoginClass - Page Title is validated
09:59:01.659 [main] INFO  AdmPages.LoginClass - username is entered
09:59:01.892 [main] INFO  AdmPages.LoginClass - password is entered
09:59:27.004 [main] INFO  AdmPages.LoginClass - Sign In button is clicked
09:59:27.159 [main] INFO  AdmPages.DashboardClass - Page title is Welcome to Oklahama wesleyan university
10:02:28.796 [main] INFO  AdmPages.LoginClass - Page title is Verify IDP
10:02:28.801 [main] INFO  AdmPages.LoginClass - Page Title is validated
10:02:29.191 [main] INFO  AdmPages.LoginClass - username is entered
10:02:29.448 [main] INFO  AdmPages.LoginClass - password is entered
10:02:58.853 [main] INFO  AdmPages.LoginClass - Sign In button is clicked
10:02:59.009 [main] INFO  AdmPages.DashboardClass - Page title is Welcome to Oklahama wesleyan university
10:02:59.010 [main] INFO  AdmPages.DashboardClass - Page Title is validated
10:03:04.703 [main] INFO  AdmPages.DashboardClass - Add widget is clicked
10:03:08.022 [main] INFO  AdmPages.DashboardClass - Widget is selected for adding
10:03:11.299 [main] INFO  AdmPages.DashboardClass - Widget is added
10:03:11.837 [main] INFO  AdmPages.DashboardClass - Expand icon is clicked
10:03:14.837 [main] INFO  AdmPages.DashboardClass - Widget is expended
10:03:15.156 [main] INFO  AdmPages.DashboardClass - Collapse icon is clicked
10:03:18.156 [main] INFO  AdmPages.DashboardClass - Widget is Collapsed
10:03:18.470 [main] INFO  AdmPages.DashboardClass - Widget Delete icon is clicked
10:03:21.730 [main] INFO  AdmPages.DashboardClass - Delete Confirmation pop up is showing up
10:03:21.968 [main] INFO  AdmPages.DashboardClass - Delete button is clicked
10:03:25.345 [main] INFO  AdmPages.DashboardClass - Widget Delete icon is clicked
10:03:28.490 [main] INFO  AdmPages.DashboardClass - Delete Confirmation pop up is showing up
10:03:28.850 [main] INFO  AdmPages.DashboardClass - Delete button is clicked
10:03:32.216 [main] INFO  AdmPages.DashboardClass - Widget Delete icon is clicked
10:03:35.341 [main] INFO  AdmPages.DashboardClass - Delete Confirmation pop up is showing up
10:03:35.805 [main] INFO  AdmPages.DashboardClass - Delete button is clicked
10:03:39.182 [main] INFO  AdmPages.DashboardClass - Widget Delete icon is clicked
10:03:42.298 [main] INFO  AdmPages.DashboardClass - Delete Confirmation pop up is showing up
10:03:42.710 [main] INFO  AdmPages.DashboardClass - Delete button is clicked
10:03:46.075 [main] INFO  AdmPages.DashboardClass - Widget Delete icon is clicked
10:03:49.186 [main] INFO  AdmPages.DashboardClass - Delete Confirmation pop up is showing up
10:03:49.441 [main] INFO  AdmPages.DashboardClass - Delete button is clicked
10:03:52.809 [main] INFO  AdmPages.DashboardClass - Widget Delete icon is clicked
10:03:55.924 [main] INFO  AdmPages.DashboardClass - Delete Confirmation pop up is showing up
10:03:56.319 [main] INFO  AdmPages.DashboardClass - Delete button is clicked
10:03:59.609 [main] INFO  AdmPages.DashboardClass - Widget Delete icon is clicked
10:04:02.730 [main] INFO  AdmPages.DashboardClass - Delete Confirmation pop up is showing up
10:04:03.118 [main] INFO  AdmPages.DashboardClass - Delete button is clicked
10:04:06.480 [main] INFO  AdmPages.DashboardClass - Widget Delete icon is clicked
10:04:09.586 [main] INFO  AdmPages.DashboardClass - Delete Confirmation pop up is showing up
10:04:09.838 [main] INFO  AdmPages.DashboardClass - Delete button is clicked
10:04:13.173 [main] INFO  AdmPages.DashboardClass - Widget Delete icon is clicked
10:04:16.253 [main] INFO  AdmPages.DashboardClass - Delete Confirmation pop up is showing up
10:04:16.618 [main] INFO  AdmPages.DashboardClass - Delete button is clicked
10:04:20.013 [main] INFO  AdmPages.DashboardClass - Widget Delete icon is clicked
10:04:23.133 [main] INFO  AdmPages.DashboardClass - Delete Confirmation pop up is showing up
10:04:23.570 [main] INFO  AdmPages.DashboardClass - Delete button is clicked
10:04:26.955 [main] INFO  AdmPages.DashboardClass - Widget Delete icon is clicked
10:04:30.060 [main] INFO  AdmPages.DashboardClass - Delete Confirmation pop up is showing up
10:04:30.432 [main] INFO  AdmPages.DashboardClass - Delete button is clicked
10:04:33.779 [main] INFO  AdmPages.DashboardClass - Widget Delete icon is clicked
10:04:36.891 [main] INFO  AdmPages.DashboardClass - Delete Confirmation pop up is showing up
10:04:37.207 [main] INFO  AdmPages.DashboardClass - Delete button is clicked
10:04:40.488 [main] INFO  AdmPages.DashboardClass - Widget Delete icon is clicked
10:04:43.588 [main] INFO  AdmPages.DashboardClass - Delete Confirmation pop up is showing up
10:04:44.028 [main] INFO  AdmPages.DashboardClass - Delete button is clicked
10:04:47.313 [main] INFO  AdmPages.DashboardClass - Widget Delete icon is clicked
10:04:50.418 [main] INFO  AdmPages.DashboardClass - Delete Confirmation pop up is showing up
10:04:50.758 [main] INFO  AdmPages.DashboardClass - Delete button is clicked
10:04:54.122 [main] INFO  AdmPages.DashboardClass - Widget Delete icon is clicked
10:04:57.234 [main] INFO  AdmPages.DashboardClass - Delete Confirmation pop up is showing up
10:04:57.728 [main] INFO  AdmPages.DashboardClass - Delete button is clicked
10:05:06.481 [main] INFO  AdmPages.PeopleSearchClass - Page title is People Search
10:05:06.481 [main] INFO  AdmPages.PeopleSearchClass - Page Title is validated
10:05:15.242 [main] INFO  AdmPages.PeopleSearchClass - Showing result is showing up
